<?xml version="1.0" encoding="UTF-8"?>
<!-- Generated by org.testng.reporters.JUnitXMLReporter -->
<testsuite hostname="LAPTOP-9R4H18SQ" ignored="0" name="Default test" tests="6" failures="0" timestamp="11 Mar 2019 11:21:07 GMT" time="279.892" errors="0">
  <testcase name="contactsPageTitleTest" time="0.348" classname="com.qa.hubspot.Tests.ContactsPageTest"/>
  <testcase name="contactsPageHeaderTest" time="3.605" classname="com.qa.hubspot.Tests.ContactsPageTest"/>
  <testcase name="contactsTempletePageHeaderTest" time="6.95" classname="com.qa.hubspot.Tests.ContactsPageTest"/>
  <testcase name="createNewContactsTest" time="12.012" classname="com.qa.hubspot.Tests.ContactsPageTest"/>
  <testcase name="createNewContactsTest" time="12.118" classname="com.qa.hubspot.Tests.ContactsPageTest"/>
  <testcase name="createNewContactsTest" time="13.779" classname="com.qa.hubspot.Tests.ContactsPageTest"/>
</testsuite> <!-- Default test -->
