<?xml version="1.0" encoding="UTF-8"?>
<!-- Generated by org.testng.reporters.JUnitXMLReporter -->
<testsuite hostname="LAPTOP-9R4H18SQ" ignored="0" name="Regression" tests="3" failures="0" timestamp="11 Mar 2019 15:28:20 GMT" time="125.458" errors="0">
  <testcase name="homePageTitleTest" time="7.362" classname="com.qa.hubspot.Tests.HomePageTest"/>
  <testcase name="homePageHeaderTest" time="14.783" classname="com.qa.hubspot.Tests.HomePageTest"/>
  <testcase name="navigateToContactsTest" time="35.589" classname="com.qa.hubspot.Tests.HomePageTest"/>
</testsuite> <!-- Regression -->
