<?xml version="1.0" encoding="UTF-8"?>
<!-- Generated by org.testng.reporters.JUnitXMLReporter -->
<testsuite hostname="LAPTOP-9R4H18SQ" ignored="0" name="Regression" tests="12" failures="0" timestamp="11 Mar 2019 14:36:54 GMT" time="422.583" errors="0">
  <testcase name="loginPageTitleTest" time="0.043" classname="com.qa.hubspot.Tests.LoginTest"/>
  <testcase name="homePageTitleTest" time="6.409" classname="com.qa.hubspot.Tests.HomePageTest"/>
  <testcase name="contactsPageTitleTest" time="1.178" classname="com.qa.hubspot.Tests.ContactsPageTest"/>
  <testcase name="signUPLinkTest" time="0.295" classname="com.qa.hubspot.Tests.LoginTest"/>
  <testcase name="homePageHeaderTest" time="7.213" classname="com.qa.hubspot.Tests.HomePageTest"/>
  <testcase name="contactsPageHeaderTest" time="5.375" classname="com.qa.hubspot.Tests.ContactsPageTest"/>
  <testcase name="loginTest" time="4.659" classname="com.qa.hubspot.Tests.LoginTest"/>
  <testcase name="navigateToContactsTest" time="23.607" classname="com.qa.hubspot.Tests.HomePageTest"/>
  <testcase name="contactsTempletePageHeaderTest" time="7.367" classname="com.qa.hubspot.Tests.ContactsPageTest"/>
  <testcase name="createNewContactsTest" time="17.805" classname="com.qa.hubspot.Tests.ContactsPageTest"/>
  <testcase name="createNewContactsTest" time="16.15" classname="com.qa.hubspot.Tests.ContactsPageTest"/>
  <testcase name="createNewContactsTest" time="18.721" classname="com.qa.hubspot.Tests.ContactsPageTest"/>
</testsuite> <!-- Regression -->
