<?xml version="1.0" encoding="UTF-8"?>
<testsuite xmlns:xsi="http://www.w3.org/2001/XMLSchema-instance" xsi:schemaLocation="https://maven.apache.org/surefire/maven-surefire-plugin/xsd/surefire-test-report.xsd" name="TestSuite" time="424.724" tests="12" errors="0" skipped="0" failures="0">
  <properties>
[...]
</properties>
  <testcase name="loginPageTitleTest" classname="com.qa.hubspot.Tests.LoginTest" time="0.043"/>
  <testcase name="homePageTitleTest" classname="com.qa.hubspot.Tests.HomePageTest" time="6.409"/>
  <testcase name="contactsPageTitleTest" classname="com.qa.hubspot.Tests.ContactsPageTest" time="1.178"/>
  <testcase name="signUPLinkTest" classname="com.qa.hubspot.Tests.LoginTest" time="0.295"/>
  <testcase name="homePageHeaderTest" classname="com.qa.hubspot.Tests.HomePageTest" time="7.217"/>
  <testcase name="contactsPageHeaderTest" classname="com.qa.hubspot.Tests.ContactsPageTest" time="5.375"/>
  <testcase name="loginTest" classname="com.qa.hubspot.Tests.LoginTest" time="4.659"/>
  <testcase name="navigateToContactsTest" classname="com.qa.hubspot.Tests.HomePageTest" time="23.607"/>
  <testcase name="contactsTempletePageHeaderTest" classname="com.qa.hubspot.Tests.ContactsPageTest" time="7.367"/>
  <testcase name="createNewContactsTest" classname="com.qa.hubspot.Tests.ContactsPageTest" time="17.805"/>
  <testcase name="createNewContactsTest" classname="com.qa.hubspot.Tests.ContactsPageTest" time="16.154"/>
  <testcase name="createNewContactsTest" classname="com.qa.hubspot.Tests.ContactsPageTest" time="18.721"/>
</testsuite>